[      52ms] [INFO] %cDownload the React DevTools for a better development experience: https://reactjs.org/link/react-devtools font-weight:bold @ http://localhost:2024/node_modules/.vite/deps/chunk-VIJJTZRL.js?v=c5a556db:21608
[     639ms] [ERROR] Warning: Encountered two children with the same key, `%s`. Keys should be unique so that components maintain their identity across updates. Non-unique keys may cause children to be duplicated and/or omitted — the behavior is unsupported and could change in a future version.%s 93444eb3-6d45-44dd-83f3-f77aefea610d 
    at div
    at aside
    at Sidebar (http://localhost:2024/src/components/layout/Sidebar.tsx?t=1775407762199:23:104)
    at div
    at div
    at AppShell (http://localhost:2024/src/components/layout/AppShell.tsx?t=1775410308064:28:25)
    at App @ http://localhost:2024/node_modules/.vite/deps/chunk-VIJJTZRL.js?v=c5a556db:520
[     639ms] [ERROR] Warning: Encountered two children with the same key, `%s`. Keys should be unique so that components maintain their identity across updates. Non-unique keys may cause children to be duplicated and/or omitted — the behavior is unsupported and could change in a future version.%s 788d598c-ebac-439e-8c65-066ed760362b 
    at div
    at aside
    at Sidebar (http://localhost:2024/src/components/layout/Sidebar.tsx?t=1775407762199:23:104)
    at div
    at div
    at AppShell (http://localhost:2024/src/components/layout/AppShell.tsx?t=1775410308064:28:25)
    at App @ http://localhost:2024/node_modules/.vite/deps/chunk-VIJJTZRL.js?v=c5a556db:520
[     639ms] [ERROR] Warning: Encountered two children with the same key, `%s`. Keys should be unique so that components maintain their identity across updates. Non-unique keys may cause children to be duplicated and/or omitted — the behavior is unsupported and could change in a future version.%s 676109de-35f8-401d-b86c-143bd68b6f09 
    at div
    at aside
    at Sidebar (http://localhost:2024/src/components/layout/Sidebar.tsx?t=1775407762199:23:104)
    at div
    at div
    at AppShell (http://localhost:2024/src/components/layout/AppShell.tsx?t=1775410308064:28:25)
    at App @ http://localhost:2024/node_modules/.vite/deps/chunk-VIJJTZRL.js?v=c5a556db:520
[     639ms] [ERROR] Warning: Encountered two children with the same key, `%s`. Keys should be unique so that components maintain their identity across updates. Non-unique keys may cause children to be duplicated and/or omitted — the behavior is unsupported and could change in a future version.%s 4dab0342-8473-4302-ad6b-b7b854c8995c 
    at div
    at aside
    at Sidebar (http://localhost:2024/src/components/layout/Sidebar.tsx?t=1775407762199:23:104)
    at div
    at div
    at AppShell (http://localhost:2024/src/components/layout/AppShell.tsx?t=1775410308064:28:25)
    at App @ http://localhost:2024/node_modules/.vite/deps/chunk-VIJJTZRL.js?v=c5a556db:520
[     639ms] [ERROR] Warning: Encountered two children with the same key, `%s`. Keys should be unique so that components maintain their identity across updates. Non-unique keys may cause children to be duplicated and/or omitted — the behavior is unsupported and could change in a future version.%s 63f76843-a9bd-4169-af63-bdbda0002082 
    at div
    at aside
    at Sidebar (http://localhost:2024/src/components/layout/Sidebar.tsx?t=1775407762199:23:104)
    at div
    at div
    at AppShell (http://localhost:2024/src/components/layout/AppShell.tsx?t=1775410308064:28:25)
    at App @ http://localhost:2024/node_modules/.vite/deps/chunk-VIJJTZRL.js?v=c5a556db:520
[    1154ms] [ERROR] Warning: Encountered two children with the same key, `%s`. Keys should be unique so that components maintain their identity across updates. Non-unique keys may cause children to be duplicated and/or omitted — the behavior is unsupported and could change in a future version.%s 93444eb3-6d45-44dd-83f3-f77aefea610d 
    at div
    at aside
    at Sidebar (http://localhost:2024/src/components/layout/Sidebar.tsx?t=1775407762199:23:104)
    at div
    at div
    at AppShell (http://localhost:2024/src/components/layout/AppShell.tsx?t=1775410308064:28:25)
    at App @ http://localhost:2024/node_modules/.vite/deps/chunk-VIJJTZRL.js?v=c5a556db:520
[    1154ms] [ERROR] Warning: Encountered two children with the same key, `%s`. Keys should be unique so that components maintain their identity across updates. Non-unique keys may cause children to be duplicated and/or omitted — the behavior is unsupported and could change in a future version.%s 788d598c-ebac-439e-8c65-066ed760362b 
    at div
    at aside
    at Sidebar (http://localhost:2024/src/components/layout/Sidebar.tsx?t=1775407762199:23:104)
    at div
    at div
    at AppShell (http://localhost:2024/src/components/layout/AppShell.tsx?t=1775410308064:28:25)
    at App @ http://localhost:2024/node_modules/.vite/deps/chunk-VIJJTZRL.js?v=c5a556db:520
[    1155ms] [ERROR] Warning: Encountered two children with the same key, `%s`. Keys should be unique so that components maintain their identity across updates. Non-unique keys may cause children to be duplicated and/or omitted — the behavior is unsupported and could change in a future version.%s 676109de-35f8-401d-b86c-143bd68b6f09 
    at div
    at aside
    at Sidebar (http://localhost:2024/src/components/layout/Sidebar.tsx?t=1775407762199:23:104)
    at div
    at div
    at AppShell (http://localhost:2024/src/components/layout/AppShell.tsx?t=1775410308064:28:25)
    at App @ http://localhost:2024/node_modules/.vite/deps/chunk-VIJJTZRL.js?v=c5a556db:520
[    1155ms] [ERROR] Warning: Encountered two children with the same key, `%s`. Keys should be unique so that components maintain their identity across updates. Non-unique keys may cause children to be duplicated and/or omitted — the behavior is unsupported and could change in a future version.%s 4dab0342-8473-4302-ad6b-b7b854c8995c 
    at div
    at aside
    at Sidebar (http://localhost:2024/src/components/layout/Sidebar.tsx?t=1775407762199:23:104)
    at div
    at div
    at AppShell (http://localhost:2024/src/components/layout/AppShell.tsx?t=1775410308064:28:25)
    at App @ http://localhost:2024/node_modules/.vite/deps/chunk-VIJJTZRL.js?v=c5a556db:520
[    1155ms] [ERROR] Warning: Encountered two children with the same key, `%s`. Keys should be unique so that components maintain their identity across updates. Non-unique keys may cause children to be duplicated and/or omitted — the behavior is unsupported and could change in a future version.%s 63f76843-a9bd-4169-af63-bdbda0002082 
    at div
    at aside
    at Sidebar (http://localhost:2024/src/components/layout/Sidebar.tsx?t=1775407762199:23:104)
    at div
    at div
    at AppShell (http://localhost:2024/src/components/layout/AppShell.tsx?t=1775410308064:28:25)
    at App @ http://localhost:2024/node_modules/.vite/deps/chunk-VIJJTZRL.js?v=c5a556db:520
[   12299ms] [ERROR] Warning: Encountered two children with the same key, `%s`. Keys should be unique so that components maintain their identity across updates. Non-unique keys may cause children to be duplicated and/or omitted — the behavior is unsupported and could change in a future version.%s 93444eb3-6d45-44dd-83f3-f77aefea610d 
    at div
    at aside
    at Sidebar (http://localhost:2024/src/components/layout/Sidebar.tsx?t=1775407762199:23:104)
    at div
    at div
    at AppShell (http://localhost:2024/src/components/layout/AppShell.tsx?t=1775410308064:28:25)
    at App @ http://localhost:2024/node_modules/.vite/deps/chunk-VIJJTZRL.js?v=c5a556db:520
[   12299ms] [ERROR] Warning: Encountered two children with the same key, `%s`. Keys should be unique so that components maintain their identity across updates. Non-unique keys may cause children to be duplicated and/or omitted — the behavior is unsupported and could change in a future version.%s 788d598c-ebac-439e-8c65-066ed760362b 
    at div
    at aside
    at Sidebar (http://localhost:2024/src/components/layout/Sidebar.tsx?t=1775407762199:23:104)
    at div
    at div
    at AppShell (http://localhost:2024/src/components/layout/AppShell.tsx?t=1775410308064:28:25)
    at App @ http://localhost:2024/node_modules/.vite/deps/chunk-VIJJTZRL.js?v=c5a556db:520
[   12299ms] [ERROR] Warning: Encountered two children with the same key, `%s`. Keys should be unique so that components maintain their identity across updates. Non-unique keys may cause children to be duplicated and/or omitted — the behavior is unsupported and could change in a future version.%s 676109de-35f8-401d-b86c-143bd68b6f09 
    at div
    at aside
    at Sidebar (http://localhost:2024/src/components/layout/Sidebar.tsx?t=1775407762199:23:104)
    at div
    at div
    at AppShell (http://localhost:2024/src/components/layout/AppShell.tsx?t=1775410308064:28:25)
    at App @ http://localhost:2024/node_modules/.vite/deps/chunk-VIJJTZRL.js?v=c5a556db:520
[   12299ms] [ERROR] Warning: Encountered two children with the same key, `%s`. Keys should be unique so that components maintain their identity across updates. Non-unique keys may cause children to be duplicated and/or omitted — the behavior is unsupported and could change in a future version.%s 4dab0342-8473-4302-ad6b-b7b854c8995c 
    at div
    at aside
    at Sidebar (http://localhost:2024/src/components/layout/Sidebar.tsx?t=1775407762199:23:104)
    at div
    at div
    at AppShell (http://localhost:2024/src/components/layout/AppShell.tsx?t=1775410308064:28:25)
    at App @ http://localhost:2024/node_modules/.vite/deps/chunk-VIJJTZRL.js?v=c5a556db:520
[   12299ms] [ERROR] Warning: Encountered two children with the same key, `%s`. Keys should be unique so that components maintain their identity across updates. Non-unique keys may cause children to be duplicated and/or omitted — the behavior is unsupported and could change in a future version.%s 63f76843-a9bd-4169-af63-bdbda0002082 
    at div
    at aside
    at Sidebar (http://localhost:2024/src/components/layout/Sidebar.tsx?t=1775407762199:23:104)
    at div
    at div
    at AppShell (http://localhost:2024/src/components/layout/AppShell.tsx?t=1775410308064:28:25)
    at App @ http://localhost:2024/node_modules/.vite/deps/chunk-VIJJTZRL.js?v=c5a556db:520
[   12839ms] [ERROR] Warning: Encountered two children with the same key, `%s`. Keys should be unique so that components maintain their identity across updates. Non-unique keys may cause children to be duplicated and/or omitted — the behavior is unsupported and could change in a future version.%s 93444eb3-6d45-44dd-83f3-f77aefea610d 
    at div
    at aside
    at Sidebar (http://localhost:2024/src/components/layout/Sidebar.tsx?t=1775407762199:23:104)
    at div
    at div
    at AppShell (http://localhost:2024/src/components/layout/AppShell.tsx?t=1775410308064:28:25)
    at App @ http://localhost:2024/node_modules/.vite/deps/chunk-VIJJTZRL.js?v=c5a556db:520
[   12839ms] [ERROR] Warning: Encountered two children with the same key, `%s`. Keys should be unique so that components maintain their identity across updates. Non-unique keys may cause children to be duplicated and/or omitted — the behavior is unsupported and could change in a future version.%s 788d598c-ebac-439e-8c65-066ed760362b 
    at div
    at aside
    at Sidebar (http://localhost:2024/src/components/layout/Sidebar.tsx?t=1775407762199:23:104)
    at div
    at div
    at AppShell (http://localhost:2024/src/components/layout/AppShell.tsx?t=1775410308064:28:25)
    at App @ http://localhost:2024/node_modules/.vite/deps/chunk-VIJJTZRL.js?v=c5a556db:520
[   12839ms] [ERROR] Warning: Encountered two children with the same key, `%s`. Keys should be unique so that components maintain their identity across updates. Non-unique keys may cause children to be duplicated and/or omitted — the behavior is unsupported and could change in a future version.%s 676109de-35f8-401d-b86c-143bd68b6f09 
    at div
    at aside
    at Sidebar (http://localhost:2024/src/components/layout/Sidebar.tsx?t=1775407762199:23:104)
    at div
    at div
    at AppShell (http://localhost:2024/src/components/layout/AppShell.tsx?t=1775410308064:28:25)
    at App @ http://localhost:2024/node_modules/.vite/deps/chunk-VIJJTZRL.js?v=c5a556db:520
[   12839ms] [ERROR] Warning: Encountered two children with the same key, `%s`. Keys should be unique so that components maintain their identity across updates. Non-unique keys may cause children to be duplicated and/or omitted — the behavior is unsupported and could change in a future version.%s 4dab0342-8473-4302-ad6b-b7b854c8995c 
    at div
    at aside
    at Sidebar (http://localhost:2024/src/components/layout/Sidebar.tsx?t=1775407762199:23:104)
    at div
    at div
    at AppShell (http://localhost:2024/src/components/layout/AppShell.tsx?t=1775410308064:28:25)
    at App @ http://localhost:2024/node_modules/.vite/deps/chunk-VIJJTZRL.js?v=c5a556db:520
[   12839ms] [ERROR] Warning: Encountered two children with the same key, `%s`. Keys should be unique so that components maintain their identity across updates. Non-unique keys may cause children to be duplicated and/or omitted — the behavior is unsupported and could change in a future version.%s 63f76843-a9bd-4169-af63-bdbda0002082 
    at div
    at aside
    at Sidebar (http://localhost:2024/src/components/layout/Sidebar.tsx?t=1775407762199:23:104)
    at div
    at div
    at AppShell (http://localhost:2024/src/components/layout/AppShell.tsx?t=1775410308064:28:25)
    at App @ http://localhost:2024/node_modules/.vite/deps/chunk-VIJJTZRL.js?v=c5a556db:520
[   12841ms] [ERROR] Warning: Encountered two children with the same key, `%s`. Keys should be unique so that components maintain their identity across updates. Non-unique keys may cause children to be duplicated and/or omitted — the behavior is unsupported and could change in a future version.%s 93444eb3-6d45-44dd-83f3-f77aefea610d 
    at div
    at aside
    at Sidebar (http://localhost:2024/src/components/layout/Sidebar.tsx?t=1775407762199:23:104)
    at div
    at div
    at AppShell (http://localhost:2024/src/components/layout/AppShell.tsx?t=1775410308064:28:25)
    at App @ http://localhost:2024/node_modules/.vite/deps/chunk-VIJJTZRL.js?v=c5a556db:520
[   12841ms] [ERROR] Warning: Encountered two children with the same key, `%s`. Keys should be unique so that components maintain their identity across updates. Non-unique keys may cause children to be duplicated and/or omitted — the behavior is unsupported and could change in a future version.%s 788d598c-ebac-439e-8c65-066ed760362b 
    at div
    at aside
    at Sidebar (http://localhost:2024/src/components/layout/Sidebar.tsx?t=1775407762199:23:104)
    at div
    at div
    at AppShell (http://localhost:2024/src/components/layout/AppShell.tsx?t=1775410308064:28:25)
    at App @ http://localhost:2024/node_modules/.vite/deps/chunk-VIJJTZRL.js?v=c5a556db:520
[   12841ms] [ERROR] Warning: Encountered two children with the same key, `%s`. Keys should be unique so that components maintain their identity across updates. Non-unique keys may cause children to be duplicated and/or omitted — the behavior is unsupported and could change in a future version.%s 676109de-35f8-401d-b86c-143bd68b6f09 
    at div
    at aside
    at Sidebar (http://localhost:2024/src/components/layout/Sidebar.tsx?t=1775407762199:23:104)
    at div
    at div
    at AppShell (http://localhost:2024/src/components/layout/AppShell.tsx?t=1775410308064:28:25)
    at App @ http://localhost:2024/node_modules/.vite/deps/chunk-VIJJTZRL.js?v=c5a556db:520
[   12841ms] [ERROR] Warning: Encountered two children with the same key, `%s`. Keys should be unique so that components maintain their identity across updates. Non-unique keys may cause children to be duplicated and/or omitted — the behavior is unsupported and could change in a future version.%s 4dab0342-8473-4302-ad6b-b7b854c8995c 
    at div
    at aside
    at Sidebar (http://localhost:2024/src/components/layout/Sidebar.tsx?t=1775407762199:23:104)
    at div
    at div
    at AppShell (http://localhost:2024/src/components/layout/AppShell.tsx?t=1775410308064:28:25)
    at App @ http://localhost:2024/node_modules/.vite/deps/chunk-VIJJTZRL.js?v=c5a556db:520
[   12841ms] [ERROR] Warning: Encountered two children with the same key, `%s`. Keys should be unique so that components maintain their identity across updates. Non-unique keys may cause children to be duplicated and/or omitted — the behavior is unsupported and could change in a future version.%s 63f76843-a9bd-4169-af63-bdbda0002082 
    at div
    at aside
    at Sidebar (http://localhost:2024/src/components/layout/Sidebar.tsx?t=1775407762199:23:104)
    at div
    at div
    at AppShell (http://localhost:2024/src/components/layout/AppShell.tsx?t=1775410308064:28:25)
    at App @ http://localhost:2024/node_modules/.vite/deps/chunk-VIJJTZRL.js?v=c5a556db:520
[   12846ms] [ERROR] Warning: Encountered two children with the same key, `%s`. Keys should be unique so that components maintain their identity across updates. Non-unique keys may cause children to be duplicated and/or omitted — the behavior is unsupported and could change in a future version.%s 93444eb3-6d45-44dd-83f3-f77aefea610d 
    at div
    at aside
    at Sidebar (http://localhost:2024/src/components/layout/Sidebar.tsx?t=1775407762199:23:104)
    at div
    at div
    at AppShell (http://localhost:2024/src/components/layout/AppShell.tsx?t=1775410308064:28:25)
    at App @ http://localhost:2024/node_modules/.vite/deps/chunk-VIJJTZRL.js?v=c5a556db:520
[   12846ms] [ERROR] Warning: Encountered two children with the same key, `%s`. Keys should be unique so that components maintain their identity across updates. Non-unique keys may cause children to be duplicated and/or omitted — the behavior is unsupported and could change in a future version.%s 788d598c-ebac-439e-8c65-066ed760362b 
    at div
    at aside
    at Sidebar (http://localhost:2024/src/components/layout/Sidebar.tsx?t=1775407762199:23:104)
    at div
    at div
    at AppShell (http://localhost:2024/src/components/layout/AppShell.tsx?t=1775410308064:28:25)
    at App @ http://localhost:2024/node_modules/.vite/deps/chunk-VIJJTZRL.js?v=c5a556db:520
[   12846ms] [ERROR] Warning: Encountered two children with the same key, `%s`. Keys should be unique so that components maintain their identity across updates. Non-unique keys may cause children to be duplicated and/or omitted — the behavior is unsupported and could change in a future version.%s 676109de-35f8-401d-b86c-143bd68b6f09 
    at div
    at aside
    at Sidebar (http://localhost:2024/src/components/layout/Sidebar.tsx?t=1775407762199:23:104)
    at div
    at div
    at AppShell (http://localhost:2024/src/components/layout/AppShell.tsx?t=1775410308064:28:25)
    at App @ http://localhost:2024/node_modules/.vite/deps/chunk-VIJJTZRL.js?v=c5a556db:520
[   12846ms] [ERROR] Warning: Encountered two children with the same key, `%s`. Keys should be unique so that components maintain their identity across updates. Non-unique keys may cause children to be duplicated and/or omitted — the behavior is unsupported and could change in a future version.%s 4dab0342-8473-4302-ad6b-b7b854c8995c 
    at div
    at aside
    at Sidebar (http://localhost:2024/src/components/layout/Sidebar.tsx?t=1775407762199:23:104)
    at div
    at div
    at AppShell (http://localhost:2024/src/components/layout/AppShell.tsx?t=1775410308064:28:25)
    at App @ http://localhost:2024/node_modules/.vite/deps/chunk-VIJJTZRL.js?v=c5a556db:520
[   12846ms] [ERROR] Warning: Encountered two children with the same key, `%s`. Keys should be unique so that components maintain their identity across updates. Non-unique keys may cause children to be duplicated and/or omitted — the behavior is unsupported and could change in a future version.%s 63f76843-a9bd-4169-af63-bdbda0002082 
    at div
    at aside
    at Sidebar (http://localhost:2024/src/components/layout/Sidebar.tsx?t=1775407762199:23:104)
    at div
    at div
    at AppShell (http://localhost:2024/src/components/layout/AppShell.tsx?t=1775410308064:28:25)
    at App @ http://localhost:2024/node_modules/.vite/deps/chunk-VIJJTZRL.js?v=c5a556db:520
[   21638ms] [ERROR] Warning: Encountered two children with the same key, `%s`. Keys should be unique so that components maintain their identity across updates. Non-unique keys may cause children to be duplicated and/or omitted — the behavior is unsupported and could change in a future version.%s 93444eb3-6d45-44dd-83f3-f77aefea610d 
    at div
    at aside
    at Sidebar (http://localhost:2024/src/components/layout/Sidebar.tsx?t=1775407762199:23:104)
    at div
    at div
    at AppShell (http://localhost:2024/src/components/layout/AppShell.tsx?t=1775410308064:28:25)
    at App @ http://localhost:2024/node_modules/.vite/deps/chunk-VIJJTZRL.js?v=c5a556db:520
[   21638ms] [ERROR] Warning: Encountered two children with the same key, `%s`. Keys should be unique so that components maintain their identity across updates. Non-unique keys may cause children to be duplicated and/or omitted — the behavior is unsupported and could change in a future version.%s 788d598c-ebac-439e-8c65-066ed760362b 
    at div
    at aside
    at Sidebar (http://localhost:2024/src/components/layout/Sidebar.tsx?t=1775407762199:23:104)
    at div
    at div
    at AppShell (http://localhost:2024/src/components/layout/AppShell.tsx?t=1775410308064:28:25)
    at App @ http://localhost:2024/node_modules/.vite/deps/chunk-VIJJTZRL.js?v=c5a556db:520
[   21638ms] [ERROR] Warning: Encountered two children with the same key, `%s`. Keys should be unique so that components maintain their identity across updates. Non-unique keys may cause children to be duplicated and/or omitted — the behavior is unsupported and could change in a future version.%s 676109de-35f8-401d-b86c-143bd68b6f09 
    at div
    at aside
    at Sidebar (http://localhost:2024/src/components/layout/Sidebar.tsx?t=1775407762199:23:104)
    at div
    at div
    at AppShell (http://localhost:2024/src/components/layout/AppShell.tsx?t=1775410308064:28:25)
    at App @ http://localhost:2024/node_modules/.vite/deps/chunk-VIJJTZRL.js?v=c5a556db:520
[   21638ms] [ERROR] Warning: Encountered two children with the same key, `%s`. Keys should be unique so that components maintain their identity across updates. Non-unique keys may cause children to be duplicated and/or omitted — the behavior is unsupported and could change in a future version.%s 4dab0342-8473-4302-ad6b-b7b854c8995c 
    at div
    at aside
    at Sidebar (http://localhost:2024/src/components/layout/Sidebar.tsx?t=1775407762199:23:104)
    at div
    at div
    at AppShell (http://localhost:2024/src/components/layout/AppShell.tsx?t=1775410308064:28:25)
    at App @ http://localhost:2024/node_modules/.vite/deps/chunk-VIJJTZRL.js?v=c5a556db:520
[   21638ms] [ERROR] Warning: Encountered two children with the same key, `%s`. Keys should be unique so that components maintain their identity across updates. Non-unique keys may cause children to be duplicated and/or omitted — the behavior is unsupported and could change in a future version.%s 63f76843-a9bd-4169-af63-bdbda0002082 
    at div
    at aside
    at Sidebar (http://localhost:2024/src/components/layout/Sidebar.tsx?t=1775407762199:23:104)
    at div
    at div
    at AppShell (http://localhost:2024/src/components/layout/AppShell.tsx?t=1775410308064:28:25)
    at App @ http://localhost:2024/node_modules/.vite/deps/chunk-VIJJTZRL.js?v=c5a556db:520
[   28161ms] [ERROR] Warning: Encountered two children with the same key, `%s`. Keys should be unique so that components maintain their identity across updates. Non-unique keys may cause children to be duplicated and/or omitted — the behavior is unsupported and could change in a future version.%s 93444eb3-6d45-44dd-83f3-f77aefea610d 
    at div
    at aside
    at Sidebar (http://localhost:2024/src/components/layout/Sidebar.tsx?t=1775407762199:23:104)
    at div
    at div
    at AppShell (http://localhost:2024/src/components/layout/AppShell.tsx?t=1775410308064:28:25)
    at App @ http://localhost:2024/node_modules/.vite/deps/chunk-VIJJTZRL.js?v=c5a556db:520
[   28161ms] [ERROR] Warning: Encountered two children with the same key, `%s`. Keys should be unique so that components maintain their identity across updates. Non-unique keys may cause children to be duplicated and/or omitted — the behavior is unsupported and could change in a future version.%s 788d598c-ebac-439e-8c65-066ed760362b 
    at div
    at aside
    at Sidebar (http://localhost:2024/src/components/layout/Sidebar.tsx?t=1775407762199:23:104)
    at div
    at div
    at AppShell (http://localhost:2024/src/components/layout/AppShell.tsx?t=1775410308064:28:25)
    at App @ http://localhost:2024/node_modules/.vite/deps/chunk-VIJJTZRL.js?v=c5a556db:520
[   28161ms] [ERROR] Warning: Encountered two children with the same key, `%s`. Keys should be unique so that components maintain their identity across updates. Non-unique keys may cause children to be duplicated and/or omitted — the behavior is unsupported and could change in a future version.%s 676109de-35f8-401d-b86c-143bd68b6f09 
    at div
    at aside
    at Sidebar (http://localhost:2024/src/components/layout/Sidebar.tsx?t=1775407762199:23:104)
    at div
    at div
    at AppShell (http://localhost:2024/src/components/layout/AppShell.tsx?t=1775410308064:28:25)
    at App @ http://localhost:2024/node_modules/.vite/deps/chunk-VIJJTZRL.js?v=c5a556db:520
[   28161ms] [ERROR] Warning: Encountered two children with the same key, `%s`. Keys should be unique so that components maintain their identity across updates. Non-unique keys may cause children to be duplicated and/or omitted — the behavior is unsupported and could change in a future version.%s 4dab0342-8473-4302-ad6b-b7b854c8995c 
    at div
    at aside
    at Sidebar (http://localhost:2024/src/components/layout/Sidebar.tsx?t=1775407762199:23:104)
    at div
    at div
    at AppShell (http://localhost:2024/src/components/layout/AppShell.tsx?t=1775410308064:28:25)
    at App @ http://localhost:2024/node_modules/.vite/deps/chunk-VIJJTZRL.js?v=c5a556db:520
[   28161ms] [ERROR] Warning: Encountered two children with the same key, `%s`. Keys should be unique so that components maintain their identity across updates. Non-unique keys may cause children to be duplicated and/or omitted — the behavior is unsupported and could change in a future version.%s 63f76843-a9bd-4169-af63-bdbda0002082 
    at div
    at aside
    at Sidebar (http://localhost:2024/src/components/layout/Sidebar.tsx?t=1775407762199:23:104)
    at div
    at div
    at AppShell (http://localhost:2024/src/components/layout/AppShell.tsx?t=1775410308064:28:25)
    at App @ http://localhost:2024/node_modules/.vite/deps/chunk-VIJJTZRL.js?v=c5a556db:520
[   28590ms] [ERROR] Warning: Encountered two children with the same key, `%s`. Keys should be unique so that components maintain their identity across updates. Non-unique keys may cause children to be duplicated and/or omitted — the behavior is unsupported and could change in a future version.%s 93444eb3-6d45-44dd-83f3-f77aefea610d 
    at div
    at aside
    at Sidebar (http://localhost:2024/src/components/layout/Sidebar.tsx?t=1775407762199:23:104)
    at div
    at div
    at AppShell (http://localhost:2024/src/components/layout/AppShell.tsx?t=1775410308064:28:25)
    at App @ http://localhost:2024/node_modules/.vite/deps/chunk-VIJJTZRL.js?v=c5a556db:520
[   28591ms] [ERROR] Warning: Encountered two children with the same key, `%s`. Keys should be unique so that components maintain their identity across updates. Non-unique keys may cause children to be duplicated and/or omitted — the behavior is unsupported and could change in a future version.%s 788d598c-ebac-439e-8c65-066ed760362b 
    at div
    at aside
    at Sidebar (http://localhost:2024/src/components/layout/Sidebar.tsx?t=1775407762199:23:104)
    at div
    at div
    at AppShell (http://localhost:2024/src/components/layout/AppShell.tsx?t=1775410308064:28:25)
    at App @ http://localhost:2024/node_modules/.vite/deps/chunk-VIJJTZRL.js?v=c5a556db:520
[   28591ms] [ERROR] Warning: Encountered two children with the same key, `%s`. Keys should be unique so that components maintain their identity across updates. Non-unique keys may cause children to be duplicated and/or omitted — the behavior is unsupported and could change in a future version.%s 676109de-35f8-401d-b86c-143bd68b6f09 
    at div
    at aside
    at Sidebar (http://localhost:2024/src/components/layout/Sidebar.tsx?t=1775407762199:23:104)
    at div
    at div
    at AppShell (http://localhost:2024/src/components/layout/AppShell.tsx?t=1775410308064:28:25)
    at App @ http://localhost:2024/node_modules/.vite/deps/chunk-VIJJTZRL.js?v=c5a556db:520
[   28591ms] [ERROR] Warning: Encountered two children with the same key, `%s`. Keys should be unique so that components maintain their identity across updates. Non-unique keys may cause children to be duplicated and/or omitted — the behavior is unsupported and could change in a future version.%s 4dab0342-8473-4302-ad6b-b7b854c8995c 
    at div
    at aside
    at Sidebar (http://localhost:2024/src/components/layout/Sidebar.tsx?t=1775407762199:23:104)
    at div
    at div
    at AppShell (http://localhost:2024/src/components/layout/AppShell.tsx?t=1775410308064:28:25)
    at App @ http://localhost:2024/node_modules/.vite/deps/chunk-VIJJTZRL.js?v=c5a556db:520
[   28591ms] [ERROR] Warning: Encountered two children with the same key, `%s`. Keys should be unique so that components maintain their identity across updates. Non-unique keys may cause children to be duplicated and/or omitted — the behavior is unsupported and could change in a future version.%s 63f76843-a9bd-4169-af63-bdbda0002082 
    at div
    at aside
    at Sidebar (http://localhost:2024/src/components/layout/Sidebar.tsx?t=1775407762199:23:104)
    at div
    at div
    at AppShell (http://localhost:2024/src/components/layout/AppShell.tsx?t=1775410308064:28:25)
    at App @ http://localhost:2024/node_modules/.vite/deps/chunk-VIJJTZRL.js?v=c5a556db:520
[   70900ms] [ERROR] Warning: Encountered two children with the same key, `%s`. Keys should be unique so that components maintain their identity across updates. Non-unique keys may cause children to be duplicated and/or omitted — the behavior is unsupported and could change in a future version.%s 93444eb3-6d45-44dd-83f3-f77aefea610d 
    at div
    at aside
    at Sidebar (http://localhost:2024/src/components/layout/Sidebar.tsx?t=1775407762199:23:104)
    at div
    at div
    at AppShell (http://localhost:2024/src/components/layout/AppShell.tsx?t=1775410308064:28:25)
    at App @ http://localhost:2024/node_modules/.vite/deps/chunk-VIJJTZRL.js?v=c5a556db:520
[   70901ms] [ERROR] Warning: Encountered two children with the same key, `%s`. Keys should be unique so that components maintain their identity across updates. Non-unique keys may cause children to be duplicated and/or omitted — the behavior is unsupported and could change in a future version.%s 788d598c-ebac-439e-8c65-066ed760362b 
    at div
    at aside
    at Sidebar (http://localhost:2024/src/components/layout/Sidebar.tsx?t=1775407762199:23:104)
    at div
    at div
    at AppShell (http://localhost:2024/src/components/layout/AppShell.tsx?t=1775410308064:28:25)
    at App @ http://localhost:2024/node_modules/.vite/deps/chunk-VIJJTZRL.js?v=c5a556db:520
[   70901ms] [ERROR] Warning: Encountered two children with the same key, `%s`. Keys should be unique so that components maintain their identity across updates. Non-unique keys may cause children to be duplicated and/or omitted — the behavior is unsupported and could change in a future version.%s 676109de-35f8-401d-b86c-143bd68b6f09 
    at div
    at aside
    at Sidebar (http://localhost:2024/src/components/layout/Sidebar.tsx?t=1775407762199:23:104)
    at div
    at div
    at AppShell (http://localhost:2024/src/components/layout/AppShell.tsx?t=1775410308064:28:25)
    at App @ http://localhost:2024/node_modules/.vite/deps/chunk-VIJJTZRL.js?v=c5a556db:520
[   70901ms] [ERROR] Warning: Encountered two children with the same key, `%s`. Keys should be unique so that components maintain their identity across updates. Non-unique keys may cause children to be duplicated and/or omitted — the behavior is unsupported and could change in a future version.%s 4dab0342-8473-4302-ad6b-b7b854c8995c 
    at div
    at aside
    at Sidebar (http://localhost:2024/src/components/layout/Sidebar.tsx?t=1775407762199:23:104)
    at div
    at div
    at AppShell (http://localhost:2024/src/components/layout/AppShell.tsx?t=1775410308064:28:25)
    at App @ http://localhost:2024/node_modules/.vite/deps/chunk-VIJJTZRL.js?v=c5a556db:520
[   70901ms] [ERROR] Warning: Encountered two children with the same key, `%s`. Keys should be unique so that components maintain their identity across updates. Non-unique keys may cause children to be duplicated and/or omitted — the behavior is unsupported and could change in a future version.%s 63f76843-a9bd-4169-af63-bdbda0002082 
    at div
    at aside
    at Sidebar (http://localhost:2024/src/components/layout/Sidebar.tsx?t=1775407762199:23:104)
    at div
    at div
    at AppShell (http://localhost:2024/src/components/layout/AppShell.tsx?t=1775410308064:28:25)
    at App @ http://localhost:2024/node_modules/.vite/deps/chunk-VIJJTZRL.js?v=c5a556db:520
[   85040ms] [ERROR] Warning: Encountered two children with the same key, `%s`. Keys should be unique so that components maintain their identity across updates. Non-unique keys may cause children to be duplicated and/or omitted — the behavior is unsupported and could change in a future version.%s 93444eb3-6d45-44dd-83f3-f77aefea610d 
    at div
    at aside
    at Sidebar (http://localhost:2024/src/components/layout/Sidebar.tsx?t=1775407762199:23:104)
    at div
    at div
    at AppShell (http://localhost:2024/src/components/layout/AppShell.tsx?t=1775410308064:28:25)
    at App @ http://localhost:2024/node_modules/.vite/deps/chunk-VIJJTZRL.js?v=c5a556db:520
[   85040ms] [ERROR] Warning: Encountered two children with the same key, `%s`. Keys should be unique so that components maintain their identity across updates. Non-unique keys may cause children to be duplicated and/or omitted — the behavior is unsupported and could change in a future version.%s 788d598c-ebac-439e-8c65-066ed760362b 
    at div
    at aside
    at Sidebar (http://localhost:2024/src/components/layout/Sidebar.tsx?t=1775407762199:23:104)
    at div
    at div
    at AppShell (http://localhost:2024/src/components/layout/AppShell.tsx?t=1775410308064:28:25)
    at App @ http://localhost:2024/node_modules/.vite/deps/chunk-VIJJTZRL.js?v=c5a556db:520
[   85040ms] [ERROR] Warning: Encountered two children with the same key, `%s`. Keys should be unique so that components maintain their identity across updates. Non-unique keys may cause children to be duplicated and/or omitted — the behavior is unsupported and could change in a future version.%s 676109de-35f8-401d-b86c-143bd68b6f09 
    at div
    at aside
    at Sidebar (http://localhost:2024/src/components/layout/Sidebar.tsx?t=1775407762199:23:104)
    at div
    at div
    at AppShell (http://localhost:2024/src/components/layout/AppShell.tsx?t=1775410308064:28:25)
    at App @ http://localhost:2024/node_modules/.vite/deps/chunk-VIJJTZRL.js?v=c5a556db:520
[   85040ms] [ERROR] Warning: Encountered two children with the same key, `%s`. Keys should be unique so that components maintain their identity across updates. Non-unique keys may cause children to be duplicated and/or omitted — the behavior is unsupported and could change in a future version.%s 4dab0342-8473-4302-ad6b-b7b854c8995c 
    at div
    at aside
    at Sidebar (http://localhost:2024/src/components/layout/Sidebar.tsx?t=1775407762199:23:104)
    at div
    at div
    at AppShell (http://localhost:2024/src/components/layout/AppShell.tsx?t=1775410308064:28:25)
    at App @ http://localhost:2024/node_modules/.vite/deps/chunk-VIJJTZRL.js?v=c5a556db:520
[   85040ms] [ERROR] Warning: Encountered two children with the same key, `%s`. Keys should be unique so that components maintain their identity across updates. Non-unique keys may cause children to be duplicated and/or omitted — the behavior is unsupported and could change in a future version.%s 63f76843-a9bd-4169-af63-bdbda0002082 
    at div
    at aside
    at Sidebar (http://localhost:2024/src/components/layout/Sidebar.tsx?t=1775407762199:23:104)
    at div
    at div
    at AppShell (http://localhost:2024/src/components/layout/AppShell.tsx?t=1775410308064:28:25)
    at App @ http://localhost:2024/node_modules/.vite/deps/chunk-VIJJTZRL.js?v=c5a556db:520
[   85566ms] [ERROR] Warning: Encountered two children with the same key, `%s`. Keys should be unique so that components maintain their identity across updates. Non-unique keys may cause children to be duplicated and/or omitted — the behavior is unsupported and could change in a future version.%s d3bec193-138f-4c85-b2c0-b15f07911b62 
    at div
    at aside
    at Sidebar (http://localhost:2024/src/components/layout/Sidebar.tsx?t=1775407762199:23:104)
    at div
    at div
    at AppShell (http://localhost:2024/src/components/layout/AppShell.tsx?t=1775410308064:28:25)
    at App @ http://localhost:2024/node_modules/.vite/deps/chunk-VIJJTZRL.js?v=c5a556db:520
[   85566ms] [ERROR] Warning: Encountered two children with the same key, `%s`. Keys should be unique so that components maintain their identity across updates. Non-unique keys may cause children to be duplicated and/or omitted — the behavior is unsupported and could change in a future version.%s 93444eb3-6d45-44dd-83f3-f77aefea610d 
    at div
    at aside
    at Sidebar (http://localhost:2024/src/components/layout/Sidebar.tsx?t=1775407762199:23:104)
    at div
    at div
    at AppShell (http://localhost:2024/src/components/layout/AppShell.tsx?t=1775410308064:28:25)
    at App @ http://localhost:2024/node_modules/.vite/deps/chunk-VIJJTZRL.js?v=c5a556db:520
[   85566ms] [ERROR] Warning: Encountered two children with the same key, `%s`. Keys should be unique so that components maintain their identity across updates. Non-unique keys may cause children to be duplicated and/or omitted — the behavior is unsupported and could change in a future version.%s 788d598c-ebac-439e-8c65-066ed760362b 
    at div
    at aside
    at Sidebar (http://localhost:2024/src/components/layout/Sidebar.tsx?t=1775407762199:23:104)
    at div
    at div
    at AppShell (http://localhost:2024/src/components/layout/AppShell.tsx?t=1775410308064:28:25)
    at App @ http://localhost:2024/node_modules/.vite/deps/chunk-VIJJTZRL.js?v=c5a556db:520
[   85566ms] [ERROR] Warning: Encountered two children with the same key, `%s`. Keys should be unique so that components maintain their identity across updates. Non-unique keys may cause children to be duplicated and/or omitted — the behavior is unsupported and could change in a future version.%s 676109de-35f8-401d-b86c-143bd68b6f09 
    at div
    at aside
    at Sidebar (http://localhost:2024/src/components/layout/Sidebar.tsx?t=1775407762199:23:104)
    at div
    at div
    at AppShell (http://localhost:2024/src/components/layout/AppShell.tsx?t=1775410308064:28:25)
    at App @ http://localhost:2024/node_modules/.vite/deps/chunk-VIJJTZRL.js?v=c5a556db:520
[   85566ms] [ERROR] Warning: Encountered two children with the same key, `%s`. Keys should be unique so that components maintain their identity across updates. Non-unique keys may cause children to be duplicated and/or omitted — the behavior is unsupported and could change in a future version.%s 4dab0342-8473-4302-ad6b-b7b854c8995c 
    at div
    at aside
    at Sidebar (http://localhost:2024/src/components/layout/Sidebar.tsx?t=1775407762199:23:104)
    at div
    at div
    at AppShell (http://localhost:2024/src/components/layout/AppShell.tsx?t=1775410308064:28:25)
    at App @ http://localhost:2024/node_modules/.vite/deps/chunk-VIJJTZRL.js?v=c5a556db:520
[   85566ms] [ERROR] Warning: Encountered two children with the same key, `%s`. Keys should be unique so that components maintain their identity across updates. Non-unique keys may cause children to be duplicated and/or omitted — the behavior is unsupported and could change in a future version.%s 63f76843-a9bd-4169-af63-bdbda0002082 
    at div
    at aside
    at Sidebar (http://localhost:2024/src/components/layout/Sidebar.tsx?t=1775407762199:23:104)
    at div
    at div
    at AppShell (http://localhost:2024/src/components/layout/AppShell.tsx?t=1775410308064:28:25)
    at App @ http://localhost:2024/node_modules/.vite/deps/chunk-VIJJTZRL.js?v=c5a556db:520
[   85568ms] [ERROR] Warning: Encountered two children with the same key, `%s`. Keys should be unique so that components maintain their identity across updates. Non-unique keys may cause children to be duplicated and/or omitted — the behavior is unsupported and could change in a future version.%s d3bec193-138f-4c85-b2c0-b15f07911b62 
    at div
    at aside
    at Sidebar (http://localhost:2024/src/components/layout/Sidebar.tsx?t=1775407762199:23:104)
    at div
    at div
    at AppShell (http://localhost:2024/src/components/layout/AppShell.tsx?t=1775410308064:28:25)
    at App @ http://localhost:2024/node_modules/.vite/deps/chunk-VIJJTZRL.js?v=c5a556db:520
[   85568ms] [ERROR] Warning: Encountered two children with the same key, `%s`. Keys should be unique so that components maintain their identity across updates. Non-unique keys may cause children to be duplicated and/or omitted — the behavior is unsupported and could change in a future version.%s 93444eb3-6d45-44dd-83f3-f77aefea610d 
    at div
    at aside
    at Sidebar (http://localhost:2024/src/components/layout/Sidebar.tsx?t=1775407762199:23:104)
    at div
    at div
    at AppShell (http://localhost:2024/src/components/layout/AppShell.tsx?t=1775410308064:28:25)
    at App @ http://localhost:2024/node_modules/.vite/deps/chunk-VIJJTZRL.js?v=c5a556db:520
[   85568ms] [ERROR] Warning: Encountered two children with the same key, `%s`. Keys should be unique so that components maintain their identity across updates. Non-unique keys may cause children to be duplicated and/or omitted — the behavior is unsupported and could change in a future version.%s 788d598c-ebac-439e-8c65-066ed760362b 
    at div
    at aside
    at Sidebar (http://localhost:2024/src/components/layout/Sidebar.tsx?t=1775407762199:23:104)
    at div
    at div
    at AppShell (http://localhost:2024/src/components/layout/AppShell.tsx?t=1775410308064:28:25)
    at App @ http://localhost:2024/node_modules/.vite/deps/chunk-VIJJTZRL.js?v=c5a556db:520
[   85568ms] [ERROR] Warning: Encountered two children with the same key, `%s`. Keys should be unique so that components maintain their identity across updates. Non-unique keys may cause children to be duplicated and/or omitted — the behavior is unsupported and could change in a future version.%s 676109de-35f8-401d-b86c-143bd68b6f09 
    at div
    at aside
    at Sidebar (http://localhost:2024/src/components/layout/Sidebar.tsx?t=1775407762199:23:104)
    at div
    at div
    at AppShell (http://localhost:2024/src/components/layout/AppShell.tsx?t=1775410308064:28:25)
    at App @ http://localhost:2024/node_modules/.vite/deps/chunk-VIJJTZRL.js?v=c5a556db:520
[   85568ms] [ERROR] Warning: Encountered two children with the same key, `%s`. Keys should be unique so that components maintain their identity across updates. Non-unique keys may cause children to be duplicated and/or omitted — the behavior is unsupported and could change in a future version.%s 4dab0342-8473-4302-ad6b-b7b854c8995c 
    at div
    at aside
    at Sidebar (http://localhost:2024/src/components/layout/Sidebar.tsx?t=1775407762199:23:104)
    at div
    at div
    at AppShell (http://localhost:2024/src/components/layout/AppShell.tsx?t=1775410308064:28:25)
    at App @ http://localhost:2024/node_modules/.vite/deps/chunk-VIJJTZRL.js?v=c5a556db:520
[   85568ms] [ERROR] Warning: Encountered two children with the same key, `%s`. Keys should be unique so that components maintain their identity across updates. Non-unique keys may cause children to be duplicated and/or omitted — the behavior is unsupported and could change in a future version.%s 63f76843-a9bd-4169-af63-bdbda0002082 
    at div
    at aside
    at Sidebar (http://localhost:2024/src/components/layout/Sidebar.tsx?t=1775407762199:23:104)
    at div
    at div
    at AppShell (http://localhost:2024/src/components/layout/AppShell.tsx?t=1775410308064:28:25)
    at App @ http://localhost:2024/node_modules/.vite/deps/chunk-VIJJTZRL.js?v=c5a556db:520
[   85573ms] [ERROR] Warning: Encountered two children with the same key, `%s`. Keys should be unique so that components maintain their identity across updates. Non-unique keys may cause children to be duplicated and/or omitted — the behavior is unsupported and could change in a future version.%s d3bec193-138f-4c85-b2c0-b15f07911b62 
    at div
    at aside
    at Sidebar (http://localhost:2024/src/components/layout/Sidebar.tsx?t=1775407762199:23:104)
    at div
    at div
    at AppShell (http://localhost:2024/src/components/layout/AppShell.tsx?t=1775410308064:28:25)
    at App @ http://localhost:2024/node_modules/.vite/deps/chunk-VIJJTZRL.js?v=c5a556db:520
[   85573ms] [ERROR] Warning: Encountered two children with the same key, `%s`. Keys should be unique so that components maintain their identity across updates. Non-unique keys may cause children to be duplicated and/or omitted — the behavior is unsupported and could change in a future version.%s 93444eb3-6d45-44dd-83f3-f77aefea610d 
    at div
    at aside
    at Sidebar (http://localhost:2024/src/components/layout/Sidebar.tsx?t=1775407762199:23:104)
    at div
    at div
    at AppShell (http://localhost:2024/src/components/layout/AppShell.tsx?t=1775410308064:28:25)
    at App @ http://localhost:2024/node_modules/.vite/deps/chunk-VIJJTZRL.js?v=c5a556db:520
[   85573ms] [ERROR] Warning: Encountered two children with the same key, `%s`. Keys should be unique so that components maintain their identity across updates. Non-unique keys may cause children to be duplicated and/or omitted — the behavior is unsupported and could change in a future version.%s 788d598c-ebac-439e-8c65-066ed760362b 
    at div
    at aside
    at Sidebar (http://localhost:2024/src/components/layout/Sidebar.tsx?t=1775407762199:23:104)
    at div
    at div
    at AppShell (http://localhost:2024/src/components/layout/AppShell.tsx?t=1775410308064:28:25)
    at App @ http://localhost:2024/node_modules/.vite/deps/chunk-VIJJTZRL.js?v=c5a556db:520
[   85573ms] [ERROR] Warning: Encountered two children with the same key, `%s`. Keys should be unique so that components maintain their identity across updates. Non-unique keys may cause children to be duplicated and/or omitted — the behavior is unsupported and could change in a future version.%s 676109de-35f8-401d-b86c-143bd68b6f09 
    at div
    at aside
    at Sidebar (http://localhost:2024/src/components/layout/Sidebar.tsx?t=1775407762199:23:104)
    at div
    at div
    at AppShell (http://localhost:2024/src/components/layout/AppShell.tsx?t=1775410308064:28:25)
    at App @ http://localhost:2024/node_modules/.vite/deps/chunk-VIJJTZRL.js?v=c5a556db:520
[   85573ms] [ERROR] Warning: Encountered two children with the same key, `%s`. Keys should be unique so that components maintain their identity across updates. Non-unique keys may cause children to be duplicated and/or omitted — the behavior is unsupported and could change in a future version.%s 4dab0342-8473-4302-ad6b-b7b854c8995c 
    at div
    at aside
    at Sidebar (http://localhost:2024/src/components/layout/Sidebar.tsx?t=1775407762199:23:104)
    at div
    at div
    at AppShell (http://localhost:2024/src/components/layout/AppShell.tsx?t=1775410308064:28:25)
    at App @ http://localhost:2024/node_modules/.vite/deps/chunk-VIJJTZRL.js?v=c5a556db:520
[   85573ms] [ERROR] Warning: Encountered two children with the same key, `%s`. Keys should be unique so that components maintain their identity across updates. Non-unique keys may cause children to be duplicated and/or omitted — the behavior is unsupported and could change in a future version.%s 63f76843-a9bd-4169-af63-bdbda0002082 
    at div
    at aside
    at Sidebar (http://localhost:2024/src/components/layout/Sidebar.tsx?t=1775407762199:23:104)
    at div
    at div
    at AppShell (http://localhost:2024/src/components/layout/AppShell.tsx?t=1775410308064:28:25)
    at App @ http://localhost:2024/node_modules/.vite/deps/chunk-VIJJTZRL.js?v=c5a556db:520
[   91229ms] [ERROR] Warning: Encountered two children with the same key, `%s`. Keys should be unique so that components maintain their identity across updates. Non-unique keys may cause children to be duplicated and/or omitted — the behavior is unsupported and could change in a future version.%s d3bec193-138f-4c85-b2c0-b15f07911b62 
    at div
    at aside
    at Sidebar (http://localhost:2024/src/components/layout/Sidebar.tsx?t=1775407762199:23:104)
    at div
    at div
    at AppShell (http://localhost:2024/src/components/layout/AppShell.tsx?t=1775410308064:28:25)
    at App @ http://localhost:2024/node_modules/.vite/deps/chunk-VIJJTZRL.js?v=c5a556db:520
[   91229ms] [ERROR] Warning: Encountered two children with the same key, `%s`. Keys should be unique so that components maintain their identity across updates. Non-unique keys may cause children to be duplicated and/or omitted — the behavior is unsupported and could change in a future version.%s 93444eb3-6d45-44dd-83f3-f77aefea610d 
    at div
    at aside
    at Sidebar (http://localhost:2024/src/components/layout/Sidebar.tsx?t=1775407762199:23:104)
    at div
    at div
    at AppShell (http://localhost:2024/src/components/layout/AppShell.tsx?t=1775410308064:28:25)
    at App @ http://localhost:2024/node_modules/.vite/deps/chunk-VIJJTZRL.js?v=c5a556db:520
[   91229ms] [ERROR] Warning: Encountered two children with the same key, `%s`. Keys should be unique so that components maintain their identity across updates. Non-unique keys may cause children to be duplicated and/or omitted — the behavior is unsupported and could change in a future version.%s 788d598c-ebac-439e-8c65-066ed760362b 
    at div
    at aside
    at Sidebar (http://localhost:2024/src/components/layout/Sidebar.tsx?t=1775407762199:23:104)
    at div
    at div
    at AppShell (http://localhost:2024/src/components/layout/AppShell.tsx?t=1775410308064:28:25)
    at App @ http://localhost:2024/node_modules/.vite/deps/chunk-VIJJTZRL.js?v=c5a556db:520
[   91229ms] [ERROR] Warning: Encountered two children with the same key, `%s`. Keys should be unique so that components maintain their identity across updates. Non-unique keys may cause children to be duplicated and/or omitted — the behavior is unsupported and could change in a future version.%s 676109de-35f8-401d-b86c-143bd68b6f09 
    at div
    at aside
    at Sidebar (http://localhost:2024/src/components/layout/Sidebar.tsx?t=1775407762199:23:104)
    at div
    at div
    at AppShell (http://localhost:2024/src/components/layout/AppShell.tsx?t=1775410308064:28:25)
    at App @ http://localhost:2024/node_modules/.vite/deps/chunk-VIJJTZRL.js?v=c5a556db:520
[   91229ms] [ERROR] Warning: Encountered two children with the same key, `%s`. Keys should be unique so that components maintain their identity across updates. Non-unique keys may cause children to be duplicated and/or omitted — the behavior is unsupported and could change in a future version.%s 4dab0342-8473-4302-ad6b-b7b854c8995c 
    at div
    at aside
    at Sidebar (http://localhost:2024/src/components/layout/Sidebar.tsx?t=1775407762199:23:104)
    at div
    at div
    at AppShell (http://localhost:2024/src/components/layout/AppShell.tsx?t=1775410308064:28:25)
    at App @ http://localhost:2024/node_modules/.vite/deps/chunk-VIJJTZRL.js?v=c5a556db:520
[   91229ms] [ERROR] Warning: Encountered two children with the same key, `%s`. Keys should be unique so that components maintain their identity across updates. Non-unique keys may cause children to be duplicated and/or omitted — the behavior is unsupported and could change in a future version.%s 63f76843-a9bd-4169-af63-bdbda0002082 
    at div
    at aside
    at Sidebar (http://localhost:2024/src/components/layout/Sidebar.tsx?t=1775407762199:23:104)
    at div
    at div
    at AppShell (http://localhost:2024/src/components/layout/AppShell.tsx?t=1775410308064:28:25)
    at App @ http://localhost:2024/node_modules/.vite/deps/chunk-VIJJTZRL.js?v=c5a556db:520
[  139133ms] [ERROR] Warning: Encountered two children with the same key, `%s`. Keys should be unique so that components maintain their identity across updates. Non-unique keys may cause children to be duplicated and/or omitted — the behavior is unsupported and could change in a future version.%s d3bec193-138f-4c85-b2c0-b15f07911b62 
    at div
    at aside
    at Sidebar (http://localhost:2024/src/components/layout/Sidebar.tsx?t=1775407762199:23:104)
    at div
    at div
    at AppShell (http://localhost:2024/src/components/layout/AppShell.tsx?t=1775410308064:28:25)
    at App @ http://localhost:2024/node_modules/.vite/deps/chunk-VIJJTZRL.js?v=c5a556db:520
[  139133ms] [ERROR] Warning: Encountered two children with the same key, `%s`. Keys should be unique so that components maintain their identity across updates. Non-unique keys may cause children to be duplicated and/or omitted — the behavior is unsupported and could change in a future version.%s 93444eb3-6d45-44dd-83f3-f77aefea610d 
    at div
    at aside
    at Sidebar (http://localhost:2024/src/components/layout/Sidebar.tsx?t=1775407762199:23:104)
    at div
    at div
    at AppShell (http://localhost:2024/src/components/layout/AppShell.tsx?t=1775410308064:28:25)
    at App @ http://localhost:2024/node_modules/.vite/deps/chunk-VIJJTZRL.js?v=c5a556db:520
[  139133ms] [ERROR] Warning: Encountered two children with the same key, `%s`. Keys should be unique so that components maintain their identity across updates. Non-unique keys may cause children to be duplicated and/or omitted — the behavior is unsupported and could change in a future version.%s 788d598c-ebac-439e-8c65-066ed760362b 
    at div
    at aside
    at Sidebar (http://localhost:2024/src/components/layout/Sidebar.tsx?t=1775407762199:23:104)
    at div
    at div
    at AppShell (http://localhost:2024/src/components/layout/AppShell.tsx?t=1775410308064:28:25)
    at App @ http://localhost:2024/node_modules/.vite/deps/chunk-VIJJTZRL.js?v=c5a556db:520
[  139133ms] [ERROR] Warning: Encountered two children with the same key, `%s`. Keys should be unique so that components maintain their identity across updates. Non-unique keys may cause children to be duplicated and/or omitted — the behavior is unsupported and could change in a future version.%s 676109de-35f8-401d-b86c-143bd68b6f09 
    at div
    at aside
    at Sidebar (http://localhost:2024/src/components/layout/Sidebar.tsx?t=1775407762199:23:104)
    at div
    at div
    at AppShell (http://localhost:2024/src/components/layout/AppShell.tsx?t=1775410308064:28:25)
    at App @ http://localhost:2024/node_modules/.vite/deps/chunk-VIJJTZRL.js?v=c5a556db:520
[  139133ms] [ERROR] Warning: Encountered two children with the same key, `%s`. Keys should be unique so that components maintain their identity across updates. Non-unique keys may cause children to be duplicated and/or omitted — the behavior is unsupported and could change in a future version.%s 4dab0342-8473-4302-ad6b-b7b854c8995c 
    at div
    at aside
    at Sidebar (http://localhost:2024/src/components/layout/Sidebar.tsx?t=1775407762199:23:104)
    at div
    at div
    at AppShell (http://localhost:2024/src/components/layout/AppShell.tsx?t=1775410308064:28:25)
    at App @ http://localhost:2024/node_modules/.vite/deps/chunk-VIJJTZRL.js?v=c5a556db:520
[  139133ms] [ERROR] Warning: Encountered two children with the same key, `%s`. Keys should be unique so that components maintain their identity across updates. Non-unique keys may cause children to be duplicated and/or omitted — the behavior is unsupported and could change in a future version.%s 63f76843-a9bd-4169-af63-bdbda0002082 
    at div
    at aside
    at Sidebar (http://localhost:2024/src/components/layout/Sidebar.tsx?t=1775407762199:23:104)
    at div
    at div
    at AppShell (http://localhost:2024/src/components/layout/AppShell.tsx?t=1775410308064:28:25)
    at App @ http://localhost:2024/node_modules/.vite/deps/chunk-VIJJTZRL.js?v=c5a556db:520
[  139334ms] [ERROR] Warning: Encountered two children with the same key, `%s`. Keys should be unique so that components maintain their identity across updates. Non-unique keys may cause children to be duplicated and/or omitted — the behavior is unsupported and could change in a future version.%s d3bec193-138f-4c85-b2c0-b15f07911b62 
    at div
    at aside
    at Sidebar (http://localhost:2024/src/components/layout/Sidebar.tsx?t=1775407762199:23:104)
    at div
    at div
    at AppShell (http://localhost:2024/src/components/layout/AppShell.tsx?t=1775410308064:28:25)
    at App @ http://localhost:2024/node_modules/.vite/deps/chunk-VIJJTZRL.js?v=c5a556db:520
[  139334ms] [ERROR] Warning: Encountered two children with the same key, `%s`. Keys should be unique so that components maintain their identity across updates. Non-unique keys may cause children to be duplicated and/or omitted — the behavior is unsupported and could change in a future version.%s 93444eb3-6d45-44dd-83f3-f77aefea610d 
    at div
    at aside
    at Sidebar (http://localhost:2024/src/components/layout/Sidebar.tsx?t=1775407762199:23:104)
    at div
    at div
    at AppShell (http://localhost:2024/src/components/layout/AppShell.tsx?t=1775410308064:28:25)
    at App @ http://localhost:2024/node_modules/.vite/deps/chunk-VIJJTZRL.js?v=c5a556db:520
[  139334ms] [ERROR] Warning: Encountered two children with the same key, `%s`. Keys should be unique so that components maintain their identity across updates. Non-unique keys may cause children to be duplicated and/or omitted — the behavior is unsupported and could change in a future version.%s 788d598c-ebac-439e-8c65-066ed760362b 
    at div
    at aside
    at Sidebar (http://localhost:2024/src/components/layout/Sidebar.tsx?t=1775407762199:23:104)
    at div
    at div
    at AppShell (http://localhost:2024/src/components/layout/AppShell.tsx?t=1775410308064:28:25)
    at App @ http://localhost:2024/node_modules/.vite/deps/chunk-VIJJTZRL.js?v=c5a556db:520
[  139334ms] [ERROR] Warning: Encountered two children with the same key, `%s`. Keys should be unique so that components maintain their identity across updates. Non-unique keys may cause children to be duplicated and/or omitted — the behavior is unsupported and could change in a future version.%s 676109de-35f8-401d-b86c-143bd68b6f09 
    at div
    at aside
    at Sidebar (http://localhost:2024/src/components/layout/Sidebar.tsx?t=1775407762199:23:104)
    at div
    at div
    at AppShell (http://localhost:2024/src/components/layout/AppShell.tsx?t=1775410308064:28:25)
    at App @ http://localhost:2024/node_modules/.vite/deps/chunk-VIJJTZRL.js?v=c5a556db:520
[  139334ms] [ERROR] Warning: Encountered two children with the same key, `%s`. Keys should be unique so that components maintain their identity across updates. Non-unique keys may cause children to be duplicated and/or omitted — the behavior is unsupported and could change in a future version.%s 4dab0342-8473-4302-ad6b-b7b854c8995c 
    at div
    at aside
    at Sidebar (http://localhost:2024/src/components/layout/Sidebar.tsx?t=1775407762199:23:104)
    at div
    at div
    at AppShell (http://localhost:2024/src/components/layout/AppShell.tsx?t=1775410308064:28:25)
    at App @ http://localhost:2024/node_modules/.vite/deps/chunk-VIJJTZRL.js?v=c5a556db:520
[  139334ms] [ERROR] Warning: Encountered two children with the same key, `%s`. Keys should be unique so that components maintain their identity across updates. Non-unique keys may cause children to be duplicated and/or omitted — the behavior is unsupported and could change in a future version.%s 63f76843-a9bd-4169-af63-bdbda0002082 
    at div
    at aside
    at Sidebar (http://localhost:2024/src/components/layout/Sidebar.tsx?t=1775407762199:23:104)
    at div
    at div
    at AppShell (http://localhost:2024/src/components/layout/AppShell.tsx?t=1775410308064:28:25)
    at App @ http://localhost:2024/node_modules/.vite/deps/chunk-VIJJTZRL.js?v=c5a556db:520
[  183832ms] [ERROR] WebSocket connection to 'ws://127.0.0.1:3456/ws/7cc43fd6-1e2c-4adc-b5db-f5ca4d3c6e49' failed:  @ http://localhost:2024/src/api/websocket.ts?t=1775409551383:24
[  183833ms] [ERROR] WebSocket connection to 'ws://127.0.0.1:3456/ws/7cc43fd6-1e2c-4adc-b5db-f5ca4d3c6e49' failed:  @ http://localhost:2024/src/api/websocket.ts?t=1775409551383:24
[  183833ms] [ERROR] WebSocket connection to 'ws://localhost:2024/?token=07SjUwxvZcW_' failed:  @ http://localhost:2024/@vite/client:801
[  183833ms] [LOG] [vite] server connection lost. Polling for restart... @ http://localhost:2024/@vite/client:963
[  183916ms] [INFO] %cDownload the React DevTools for a better development experience: https://reactjs.org/link/react-devtools font-weight:bold @ http://localhost:2024/node_modules/.vite/deps/chunk-VIJJTZRL.js?v=c5a556db:21608
[  183930ms] [ERROR] Failed to load resource: net::ERR_CONNECTION_REFUSED @ http://127.0.0.1:3456/api/sessions?limit=100:0
[  183931ms] [ERROR] Failed to load resource: net::ERR_CONNECTION_REFUSED @ http://127.0.0.1:3456/api/models:0
[  183932ms] [ERROR] Failed to load resource: net::ERR_CONNECTION_REFUSED @ http://127.0.0.1:3456/api/permissions/mode:0
[  183932ms] [ERROR] Failed to load resource: net::ERR_CONNECTION_REFUSED @ http://127.0.0.1:3456/api/models/current:0
[  183933ms] [ERROR] Failed to load resource: net::ERR_CONNECTION_REFUSED @ http://127.0.0.1:3456/api/effort:0
[  183933ms] [ERROR] Failed to load resource: net::ERR_CONNECTION_REFUSED @ http://127.0.0.1:3456/api/sessions?limit=100:0
[  183933ms] [ERROR] Failed to load resource: net::ERR_CONNECTION_REFUSED @ http://127.0.0.1:3456/api/permissions/mode:0
[  183933ms] [ERROR] Failed to load resource: net::ERR_CONNECTION_REFUSED @ http://127.0.0.1:3456/api/models:0
[  183933ms] [ERROR] Failed to load resource: net::ERR_CONNECTION_REFUSED @ http://127.0.0.1:3456/api/models/current:0
[  183933ms] [ERROR] Failed to load resource: net::ERR_CONNECTION_REFUSED @ http://127.0.0.1:3456/api/effort:0
